Source path:... /Users/gaohan/Documents/GitHub/degree1/Huffman-test.py
Starting var:.. times = [2, 1, 3, 4, 34]
21:12:23.217033 call        75 def calcHX(times):
21:12:23.217928 line        76     t = len(times)
New var:....... t = 5
21:12:23.218085 line        77     prob = 0  # 各字符出现的概率
New var:....... prob = 0
21:12:23.218372 line        78     total = 0 # 总次数
New var:....... total = 0
21:12:23.218665 line        79     HX = 0 # 信息熵
New var:....... HX = 0
21:12:23.218906 line        80     for each in range(t):  # 计算总次数
New var:....... each = 0
21:12:23.219140 line        81         total = total + times[each]
Modified var:.. total = 2
21:12:23.219378 line        80     for each in range(t):  # 计算总次数
Modified var:.. each = 1
21:12:23.219607 line        81         total = total + times[each]
Modified var:.. total = 3
21:12:23.219833 line        80     for each in range(t):  # 计算总次数
Modified var:.. each = 2
21:12:23.220058 line        81         total = total + times[each]
Modified var:.. total = 6
21:12:23.220281 line        80     for each in range(t):  # 计算总次数
Modified var:.. each = 3
21:12:23.220507 line        81         total = total + times[each]
Modified var:.. total = 10
21:12:23.220729 line        80     for each in range(t):  # 计算总次数
Modified var:.. each = 4
21:12:23.220955 line        81         total = total + times[each]
Modified var:.. total = 44
21:12:23.221177 line        80     for each in range(t):  # 计算总次数
21:12:23.221409 line        83     for each in range(t):
Modified var:.. each = 0
21:12:23.221549 line        84         prob = times[each] / total
Modified var:.. prob = 0.045454545454545456
21:12:23.221771 line        85         HX = HX -prob * math.log2(prob)
Modified var:.. HX = 0.20270143721078623
21:12:23.222021 line        83     for each in range(t):
Modified var:.. each = 1
21:12:23.222251 line        84         prob = times[each] / total
Modified var:.. prob = 0.022727272727272728
21:12:23.222465 line        85         HX = HX -prob * math.log2(prob)
Modified var:.. HX = 0.3267794285434521
21:12:23.222676 line        83     for each in range(t):
Modified var:.. each = 2
21:12:23.222884 line        84         prob = times[each] / total
Modified var:.. prob = 0.06818181818181818
21:12:23.223094 line        85         HX = HX -prob * math.log2(prob)
Modified var:.. HX = 0.5909477774922799
21:12:23.223307 line        83     for each in range(t):
Modified var:.. each = 3
21:12:23.223515 line        84         prob = times[each] / total
Modified var:.. prob = 0.09090909090909091
21:12:23.223723 line        85         HX = HX -prob * math.log2(prob)
Modified var:.. HX = 0.9054415610047615
21:12:23.223930 line        83     for each in range(t):
Modified var:.. each = 4
21:12:23.224137 line        84         prob = times[each] / total
Modified var:.. prob = 0.7727272727272727
21:12:23.224344 line        85         HX = HX -prob * math.log2(prob)
Modified var:.. HX = 1.1928719798946834
21:12:23.224551 line        83     for each in range(t):
21:12:23.224759 line        86     return HX
21:12:23.224886 return      86     return HX
Return value:.. 1.1928719798946834
Elapsed time: 00:00:00.008096
